@ NAME             %05s "TWISS"
@ TYPE             %05s "TWISS"
@ SEQUENCE         %05s "DCELL"
@ PARTICLE         %06s "PROTON"
@ MASS             %le        0.9382720814
@ CHARGE           %le                   1
@ ENERGY           %le         1.058272082
@ PC               %le         0.489474514
@ GAMMA            %le         1.127894672
@ KBUNCH           %le                   1
@ BCURRENT         %le                   0
@ SIGE             %le               0.001
@ SIGT             %le                   1
@ NPART            %le                   0
@ EX               %le                   1
@ EY               %le                   1
@ ET               %le               0.001
@ LENGTH           %le                1.24
@ ALFA             %le       0.03360292361
@ ORBIT5           %le                  -0
@ GAMMATR          %le         5.455209926
@ Q1               %le        0.2837647269
@ Q2               %le        0.2033918739
@ DQ1              %le       -0.6853018386
@ DQ2              %le       -0.6004343818
@ DXMAX            %le        0.4472613555
@ DYMAX            %le                  -0
@ XCOMAX           %le                   0
@ YCOMAX           %le                   0
@ BETXMAX          %le         1.690629687
@ BETYMAX          %le         2.045305328
@ XCORMS           %le                   0
@ YCORMS           %le                   0
@ DXRMS            %le        0.3933604347
@ DYRMS            %le                   0
@ DELTAP           %le                   0
@ SYNCH_1          %le                   0
@ SYNCH_2          %le                   0
@ SYNCH_3          %le                   0
@ SYNCH_4          %le                   0
@ SYNCH_5          %le                   0
@ TITLE            %05s "JCELL"
@ ORIGIN           %17s "5.03.06 Darwin 64"
@ DATE             %08s "14/08/17"
@ TIME             %08s "14.54.28"
* NAME                                S               BETX               ALFX                MUX                 DX                DPX                  X                 PX               BETY               ALFY                MUY                 DY                DPY                  Y                 PY 
$ %s                                %le                %le                %le                %le                %le                %le                %le                %le                %le                %le                %le                %le                %le                %le                %le 
 "DCELL$START"                        0        1.689682764   -2.129408535e-16                  0      -0.4472613555   -2.775557562e-17                  0                  0       0.5368257126    2.609081507e-16                  0                 -0                  0                  0                  0
 "DO1"                             0.04        1.690629687     -0.02367308281     0.003766984562      -0.4472613555   -2.775557562e-17                  0                  0       0.5398061957     -0.07451207918      0.01183709135                  0                  0                  0                  0
 "QF1"                             0.14        1.549195209        1.394137586      0.01345634215      -0.4267344803       0.4073680545                  0                  0       0.6263450196      -0.8173958553      0.03977552167                  0                  0                  0                  0
 "QF2"                             0.24        1.166732765        2.311827266       0.0251232092      -0.3670379996       0.7773441318                  0                  0       0.8873032769       -1.872156995      0.06152277541                  0                  0                  0                  0
 "DI1"                             0.32       0.8316427932        1.876797377      0.03806321857      -0.3048504691       0.7773441318                  0                  0        1.219342156       -2.278328993      0.07377571754                  0                  0                  0                  0
 "BD1"                             0.62       0.3417311476                 -0       0.1418823634      -0.1925345196                  0                  0                  0        2.045305328   -1.365764752e-16        0.101695937                  0                  0                  0                  0
 "BD2"                             0.92       0.8316427932       -1.876797377       0.2457015083      -0.3048504691      -0.7773441318                  0                  0        1.219342156        2.278328993       0.1296161564                  0                  0                  0                  0
 "DI2"                                1        1.166732765       -2.311827266       0.2586415177      -0.3670379996      -0.7773441318                  0                  0       0.8873032769        1.872156995       0.1418690985                  0                  0                  0                  0
 "QF3"                              1.1        1.549195209       -1.394137586       0.2703083847      -0.4267344803      -0.4073680545                  0                  0       0.6263450196       0.8173958553       0.1636163522                  0                  0                  0                  0
 "QF4"                              1.2        1.690629687      0.02367308281       0.2799977423      -0.4472613555   -5.551115123e-17                  0                  0       0.5398061957      0.07451207918       0.1915547826                  0                  0                  0                  0
 "DO"                              1.24        1.689682764    7.305698723e-16       0.2837647269      -0.4472613555   -5.551115123e-17                  0                  0       0.5368257126   -4.370501758e-16       0.2033918739                  0                  0                  0                  0
 "DCELL$END"                       1.24        1.689682764    7.305698723e-16       0.2837647269      -0.4472613555   -5.551115123e-17                  0                  0       0.5368257126   -4.370501758e-16       0.2033918739                  0                  0                  0                  0
